2023-04-02 23:00:41.470276 - Initialized conversion of CBT258
2023-04-02 23:00:42.130017 - Received CBT.V504.FILE258.PDS from FILE258.XMI 
2023-04-02 23:00:42.132759 - Found $$$$COPY.txt (text/plain) in CBT.V504.FILE258.PDS, moved to PDS/$$$$COPY
2023-04-02 23:00:42.134366 - Found $$$$READ.txt (text/plain) in CBT.V504.FILE258.PDS, moved to PDS/$$$$READ
2023-04-02 23:00:42.135435 - Found $$$#DATE.txt (text/plain) in CBT.V504.FILE258.PDS, moved to PDS/$$$#DATE
2023-04-02 23:00:42.136440 - Found $$$INDEX.txt (text/plain) in CBT.V504.FILE258.PDS, moved to PDS/$$$INDEX
2023-04-02 23:00:42.137676 - Found $$$IXF02.txt (text/plain) in CBT.V504.FILE258.PDS, moved to PDS/$$$IXF02
2023-04-02 23:00:42.138838 - Found $$DOC.txt (text/plain) in CBT.V504.FILE258.PDS, moved to PDS/$$DOC
2023-04-02 23:00:42.139854 - Found @CCOMP.txt (text/plain) in CBT.V504.FILE258.PDS, moved to PDS/@CCOMP
2023-04-02 23:00:42.141113 - Found @DD3270.txt (text/plain) in CBT.V504.FILE258.PDS, moved to PDS/@DD3270
2023-04-02 23:00:42.142307 - Found @FILE258.txt (text/plain) in CBT.V504.FILE258.PDS, moved to PDS/@FILE258
2023-04-02 23:00:42.143404 - Found @FONTGEN.txt (text/plain) in CBT.V504.FILE258.PDS, moved to PDS/@FONTGEN
2023-04-02 23:00:42.144628 - Found @INFO32P.txt (text/plain) in CBT.V504.FILE258.PDS, moved to PDS/@INFO32P
2023-04-02 23:00:42.145672 - Found @INFO327.txt (text/plain) in CBT.V504.FILE258.PDS, moved to PDS/@INFO327
2023-04-02 23:00:42.146767 - Found @LISTCAT.txt (text/plain) in CBT.V504.FILE258.PDS, moved to PDS/@LISTCAT
2023-04-02 23:00:42.148250 - Found @LOGON.txt (text/plain) in CBT.V504.FILE258.PDS, moved to PDS/@LOGON
2023-04-02 23:00:42.149286 - Found @TERMST.txt (text/plain) in CBT.V504.FILE258.PDS, moved to PDS/@TERMST
2023-04-02 23:00:42.149299 - Found @TEST327.bin containing application/octet-stream, moved to PDS/@TEST327
2023-04-02 23:00:42.151352 - Found @TREXX.rexx (text/plain) in CBT.V504.FILE258.PDS, moved to PDS/@TREXX
2023-04-02 23:00:42.152596 - Found @TREXX2.rexx (text/plain) in CBT.V504.FILE258.PDS, moved to PDS/@TREXX2
2023-04-02 23:00:42.153641 - Found @T32.txt (text/plain) in CBT.V504.FILE258.PDS, moved to PDS/@T32
2023-04-02 23:00:42.154626 - Found @T32A.txt (text/plain) in CBT.V504.FILE258.PDS, moved to PDS/@T32A
2023-04-02 23:00:42.155769 - Found @WIDGET.txt (text/plain) in CBT.V504.FILE258.PDS, moved to PDS/@WIDGET
2023-04-02 23:00:42.157019 - Found @WIN327A.txt (text/plain) in CBT.V504.FILE258.PDS, moved to PDS/@WIN327A
2023-04-02 23:00:42.158477 - Found @WIN327D.txt (text/plain) in CBT.V504.FILE258.PDS, moved to PDS/@WIN327D
2023-04-02 23:00:42.159687 - Found @WIN327T.txt (text/plain) in CBT.V504.FILE258.PDS, moved to PDS/@WIN327T
2023-04-02 23:00:42.160781 - Found @XHELP.txt (text/plain) in CBT.V504.FILE258.PDS, moved to PDS/@XHELP
2023-04-02 23:00:42.162161 - Found COMBO32.x-c (text/x-c) in CBT.V504.FILE258.PDS, moved to PDS/COMBO32
2023-04-02 23:00:42.163416 - Found DD3270.x-c (text/x-c) in CBT.V504.FILE258.PDS, moved to PDS/DD3270
2023-04-02 23:00:42.164646 - Found FONT.x-c (text/x-c) in CBT.V504.FILE258.PDS, moved to PDS/FONT
2023-04-02 23:00:42.165740 - Found INFO3270.x-c (text/x-c) in CBT.V504.FILE258.PDS, moved to PDS/INFO3270
2023-04-02 23:00:42.167216 - Found LSTBOX32.x-c (text/x-c) in CBT.V504.FILE258.PDS, moved to PDS/LSTBOX32
2023-04-02 23:00:42.168554 - Found PS9X12U.x-c (text/x-c) in CBT.V504.FILE258.PDS, moved to PDS/PS9X12U
2023-04-02 23:00:42.169596 - Found PS9X15U.x-c (text/x-c) in CBT.V504.FILE258.PDS, moved to PDS/PS9X15U
2023-04-02 23:00:42.170576 - Found PS9X16U.x-c (text/x-c) in CBT.V504.FILE258.PDS, moved to PDS/PS9X16U
2023-04-02 23:00:42.171863 - Found SYM9X12U.txt (text/plain) in CBT.V504.FILE258.PDS, moved to PDS/SYM9X12U
2023-04-02 23:00:42.173041 - Found SYM9X15U.txt (text/plain) in CBT.V504.FILE258.PDS, moved to PDS/SYM9X15U
2023-04-02 23:00:42.174275 - Found SYM9X16U.txt (text/plain) in CBT.V504.FILE258.PDS, moved to PDS/SYM9X16U
2023-04-02 23:00:42.175245 - Found TG.jcl (text/plain) in CBT.V504.FILE258.PDS, moved to PDS/TG
2023-04-02 23:00:42.176465 - Found TGETN.txt (text/plain) in CBT.V504.FILE258.PDS, moved to PDS/TGETN
2023-04-02 23:00:42.177428 - Found TGT327D.txt (text/plain) in CBT.V504.FILE258.PDS, moved to PDS/TGT327D
2023-04-02 23:00:42.178349 - Found TPGN.txt (text/plain) in CBT.V504.FILE258.PDS, moved to PDS/TPGN
2023-04-02 23:00:42.179360 - Found TPUTN.txt (text/plain) in CBT.V504.FILE258.PDS, moved to PDS/TPUTN
2023-04-02 23:00:42.180687 - Found TXTPAD32.x-c (text/x-c) in CBT.V504.FILE258.PDS, moved to PDS/TXTPAD32
2023-04-02 23:00:42.182030 - Found WIDGET32.x-c (text/x-c) in CBT.V504.FILE258.PDS, moved to PDS/WIDGET32
2023-04-02 23:00:42.183204 - Found WINDOW32.x-c (text/x-c) in CBT.V504.FILE258.PDS, moved to PDS/WINDOW32
2023-04-02 23:00:42.184691 - Found WIN3270.x-c (text/x-c) in CBT.V504.FILE258.PDS, moved to PDS/WIN3270
